<?xml version="1.0" encoding="UTF-8"?>
<!-- Generated by org.testng.reporters.JUnitReportReporter -->
<testsuite hostname="INBDQ2LTBL8KZ33" failures="0" tests="1" name="selenium4.selenium4.Selenium4Features" time="19.248" errors="0" timestamp="2023-04-05T15:50:00 IST" skipped="0">
  <testcase classname="selenium4.selenium4.Selenium4Features" name="screenshotTest" time="19.248"/>
  <system-out/>
</testsuite> <!-- selenium4.selenium4.Selenium4Features -->
